2025-11-12 11:06:11,707 [INFO] Cerrando monitor...
2025-11-12 11:06:52,215 [INFO] Monitoreando carpeta: D:\mundomedicodental\code\carpetalectura ... (log en watch_nnt.log)
2025-11-15 08:50:54,227 [INFO] Monitoreando carpeta: D:/mundomedicodental/code/carpetalectura  (log en D:\mundomedicodental\code\watch_nnt.log)
2025-11-15 08:52:32,310 [INFO] Nueva carpeta detectada: 20240902_nombres_sinapeellidos_CBCT
2025-11-15 08:52:36,448 [INFO] Primer archivo detectado: D:/mundomedicodental/code/carpetalectura\20240902_nombres_sinapeellidos_CBCT\77ffe14jii203011000.dcm
2025-11-15 08:52:36,538 [INFO] NNT.exe lanzado (pid=18008) – esperando carga inicial…
2025-11-15 08:52:44,561 [INFO] [OK] NNT lanzado correctamente (popen (pid=18008))
2025-11-15 08:52:44,561 [INFO] Abriendo archivo: D:/mundomedicodental/code/carpetalectura\20240902_nombres_sinapeellidos_CBCT\77ffe14jii203011000.dcm
2025-11-15 08:52:53,253 [INFO] ✅ iRYS restaurado, maximizado y al frente.
2025-11-15 08:52:54,280 [INFO] Buscando: captureFile.png
2025-11-15 08:53:16,361 [INFO] Cerrando monitor...
2025-11-15 08:53:21,055 [INFO] Monitoreando carpeta: D:/mundomedicodental/code/carpetalectura  (log en D:\mundomedicodental\code\watch_nnt.log)
2025-11-15 08:53:36,490 [INFO] Nueva carpeta detectada: 20240902_nombres_sinapeellidos_CBCT (1)
2025-11-15 08:53:39,671 [INFO] Primer archivo detectado: D:/mundomedicodental/code/carpetalectura\20240902_nombres_sinapeellidos_CBCT (1)\77ffe14jii203011000.dcm
2025-11-15 08:53:39,721 [INFO] NNT.exe lanzado (pid=13864) – esperando carga inicial…
2025-11-15 08:53:47,760 [INFO] [OK] NNT lanzado correctamente (popen (pid=13864))
2025-11-15 08:53:47,760 [INFO] Abriendo archivo: D:/mundomedicodental/code/carpetalectura\20240902_nombres_sinapeellidos_CBCT (1)\77ffe14jii203011000.dcm
2025-11-15 08:53:56,662 [INFO] ✅ iRYS restaurado, maximizado y al frente.
2025-11-15 08:53:57,696 [INFO] Buscando: captureFile.png
2025-11-15 08:56:20,656 [INFO] Cerrando monitor...
2025-11-15 08:56:47,729 [INFO] Monitoreando carpeta: D:/mundomedicodental/code/carpetalectura  (log en D:\mundomedicodental\code\watch_nnt.log)
2025-11-15 08:57:12,692 [INFO] Nueva carpeta detectada: 20240902_nombres_sinapeellidos_CBCT (2)
2025-11-15 08:57:15,494 [INFO] Primer archivo detectado: D:/mundomedicodental/code/carpetalectura\20240902_nombres_sinapeellidos_CBCT (2)\77ffe14jii203011000.dcm
2025-11-15 08:57:15,552 [INFO] NNT.exe lanzado (pid=7316) – esperando carga inicial…
2025-11-15 08:57:23,578 [INFO] [OK] NNT lanzado correctamente (popen (pid=7316))
2025-11-15 08:57:23,578 [INFO] Abriendo archivo: D:/mundomedicodental/code/carpetalectura\20240902_nombres_sinapeellidos_CBCT (2)\77ffe14jii203011000.dcm
2025-11-15 08:57:32,871 [INFO] ✅ iRYS restaurado, maximizado y al frente.
2025-11-15 08:57:33,902 [INFO] Buscando: captureFile.png
2025-11-15 09:01:49,026 [INFO] Cerrando monitor...
2025-11-15 09:01:51,182 [INFO] Monitoreando carpeta: D:/mundomedicodental/code/carpetalectura  (log en D:\mundomedicodental\code\watch_nnt.log)
2025-11-15 09:02:01,308 [INFO] Nueva carpeta detectada: 20240902_nombres_sinapeellidos_CBCT (3)
2025-11-15 09:02:04,642 [INFO] Primer archivo detectado: D:/mundomedicodental/code/carpetalectura\20240902_nombres_sinapeellidos_CBCT (3)\77ffe14jii203011000.dcm
2025-11-15 09:02:04,810 [INFO] NNT.exe lanzado (pid=2144) – esperando carga inicial…
2025-11-15 09:02:12,888 [INFO] [OK] NNT lanzado correctamente (popen (pid=2144))
2025-11-15 09:02:12,889 [INFO] Abriendo archivo: D:/mundomedicodental/code/carpetalectura\20240902_nombres_sinapeellidos_CBCT (3)\77ffe14jii203011000.dcm
2025-11-15 09:02:21,735 [INFO] ✅ iRYS restaurado, maximizado y al frente.
2025-11-15 09:02:26,767 [INFO] Buscando: captureFile.png
2025-11-15 09:06:20,227 [INFO] Cerrando monitor...
2025-11-15 09:06:23,499 [INFO] Monitoreando carpeta: D:/mundomedicodental/code/carpetalectura  (log en D:\mundomedicodental\code\watch_nnt.log)
2025-11-15 09:06:33,335 [INFO] Nueva carpeta detectada: 20240902_nombres_sinapeellidos_CBCT (4)
2025-11-15 09:06:36,075 [INFO] Primer archivo detectado: D:/mundomedicodental/code/carpetalectura\20240902_nombres_sinapeellidos_CBCT (4)\77ffe14jii203011000.dcm
2025-11-15 09:06:36,083 [INFO] NNT.exe lanzado (pid=5600) – esperando carga inicial…
2025-11-15 09:06:44,096 [INFO] [OK] NNT lanzado correctamente (popen (pid=5600))
2025-11-15 09:06:44,097 [INFO] Abriendo archivo: D:/mundomedicodental/code/carpetalectura\20240902_nombres_sinapeellidos_CBCT (4)\77ffe14jii203011000.dcm
2025-11-15 09:06:52,996 [INFO] ✅ iRYS restaurado, maximizado y al frente.
2025-11-15 09:06:58,017 [INFO] Buscando: captureFile.png
2025-11-15 09:06:58,129 [INFO] ✔ Encontrado captureFile.png en Point(x=np.int64(16), y=np.int64(32)), clic…
2025-11-15 09:06:59,624 [INFO] Buscando: captureImport.png
2025-11-15 09:09:02,083 [INFO] Cerrando monitor...
2025-11-15 09:09:04,943 [INFO] Monitoreando carpeta: D:/mundomedicodental/code/carpetalectura  (log en D:\mundomedicodental\code\watch_nnt.log)
2025-11-15 09:09:17,601 [INFO] Nueva carpeta detectada: 20240902_nombres_sinapeellidos_CBCT (5)
2025-11-15 09:09:20,305 [INFO] Primer archivo detectado: D:/mundomedicodental/code/carpetalectura\20240902_nombres_sinapeellidos_CBCT (5)\77ffe14jii203011000.dcm
2025-11-15 09:09:20,391 [INFO] NNT.exe lanzado (pid=15388) – esperando carga inicial…
2025-11-15 09:09:28,510 [INFO] [OK] NNT lanzado correctamente (popen (pid=15388))
2025-11-15 09:09:28,510 [INFO] Abriendo archivo: D:/mundomedicodental/code/carpetalectura\20240902_nombres_sinapeellidos_CBCT (5)\77ffe14jii203011000.dcm
2025-11-15 09:09:38,037 [INFO] ✅ iRYS restaurado, maximizado y al frente.
2025-11-15 09:09:43,060 [INFO] Buscando: captureFile.png
2025-11-15 09:09:43,212 [INFO] ✔ Encontrado captureFile.png en Point(x=np.int64(16), y=np.int64(32)), clic…
2025-11-15 09:09:44,693 [INFO] Buscando: captureImport.png
2025-11-15 09:09:44,795 [INFO] ✔ Encontrado captureImport.png en Point(x=np.int64(57), y=np.int64(79)), clic…
2025-11-15 09:09:46,277 [INFO] Buscando: captureImport3d.png
2025-11-15 09:09:46,407 [INFO] ✔ Encontrado captureImport3d.png en Point(x=np.int64(319), y=np.int64(104)), clic…
2025-11-15 09:27:53,984 [INFO] Cerrando monitor...
2025-11-15 09:27:59,097 [INFO] Monitoreando carpeta: D:/mundomedicodental/code/carpetalectura  (log en D:\mundomedicodental\code\watch_nnt.log)
2025-11-15 09:29:10,528 [INFO] Nueva carpeta detectada: 20240902_nombres_sinapeellidos_CBCT (6)
2025-11-15 09:29:13,822 [INFO] Primer archivo detectado: D:\mundomedicodental\code\carpetalectura\20240902_nombres_sinapeellidos_CBCT (6)\77ffe14jii203011000.dcm
2025-11-15 09:29:13,977 [INFO] NNT.exe lanzado (pid=10972) – esperando carga inicial…
2025-11-15 09:29:22,065 [INFO] [OK] NNT lanzado correctamente (popen (pid=10972))
2025-11-15 09:29:22,066 [INFO] Abriendo archivo: D:\mundomedicodental\code\carpetalectura\20240902_nombres_sinapeellidos_CBCT (6)\77ffe14jii203011000.dcm
2025-11-15 09:29:30,741 [INFO] ✅ iRYS restaurado, maximizado y al frente.
2025-11-15 09:29:35,755 [INFO] Buscando: captureFile.png
2025-11-16 15:21:14,828 [INFO] Monitoreando carpeta: D:/mundomedicodental/code/carpetalectura  (log en D:\mundomedicodental\code\watch_nnt.log)
2025-11-16 15:22:29,974 [INFO] Nueva carpeta detectada: 20240902_nombres_sinapeellidos_CBCT (7)
2025-11-16 15:22:36,923 [INFO] Primer archivo detectado: D:\mundomedicodental\code\carpetalectura\20240902_nombres_sinapeellidos_CBCT (7)\77ffe14jii203011000.dcm
2025-11-16 15:22:37,703 [INFO] NNT.exe lanzado (pid=17880) – esperando carga inicial…
2025-11-16 15:22:46,036 [INFO] [OK] NNT lanzado correctamente (popen (pid=17880))
2025-11-16 15:22:46,190 [INFO] Abriendo archivo: D:\mundomedicodental\code\carpetalectura\20240902_nombres_sinapeellidos_CBCT (7)\77ffe14jii203011000.dcm
2025-11-16 15:22:54,978 [INFO] ✅ iRYS restaurado, maximizado y al frente.
2025-11-16 15:23:00,036 [INFO] Buscando: captureFile.png
2025-11-16 15:23:11,503 [INFO] Cerrando monitor...
2025-11-16 15:23:17,307 [INFO] Monitoreando carpeta: D:/mundomedicodental/code/carpetalectura  (log en D:\mundomedicodental\code\watch_nnt.log)
2025-11-16 15:23:25,160 [INFO] Nueva carpeta detectada: 20240902_nombres_sinapeellidos_CBCT (8)
2025-11-16 15:23:29,553 [INFO] Primer archivo detectado: D:\mundomedicodental\code\carpetalectura\20240902_nombres_sinapeellidos_CBCT (8)\77ffe14jii203011000.dcm
2025-11-16 15:23:29,666 [INFO] NNT.exe lanzado (pid=17868) – esperando carga inicial…
2025-11-16 15:23:37,692 [INFO] [OK] NNT lanzado correctamente (popen (pid=17868))
2025-11-16 15:23:37,693 [INFO] Abriendo archivo: D:\mundomedicodental\code\carpetalectura\20240902_nombres_sinapeellidos_CBCT (8)\77ffe14jii203011000.dcm
2025-11-16 15:23:46,373 [INFO] ✅ iRYS restaurado, maximizado y al frente.
2025-11-16 15:23:51,402 [INFO] Buscando: captureFile.png
2025-11-16 15:27:29,065 [INFO] Cerrando monitor...
2025-11-16 15:27:32,878 [INFO] Monitoreando carpeta: D:/mundomedicodental/code/carpetalectura  (log en D:\mundomedicodental\code\watch_nnt.log)
2025-11-16 15:27:44,774 [INFO] Nueva carpeta detectada: 20240902_nombres_sinapeellidos_CBCT (9)
2025-11-16 15:27:48,547 [INFO] Primer archivo detectado: D:\mundomedicodental\code\carpetalectura\20240902_nombres_sinapeellidos_CBCT (9)\77ffe14jii203011000.dcm
2025-11-16 15:27:48,607 [INFO] NNT.exe lanzado (pid=3768) – esperando carga inicial…
2025-11-16 15:27:56,622 [INFO] [OK] NNT lanzado correctamente (popen (pid=3768))
2025-11-16 15:27:56,623 [INFO] Abriendo archivo: D:\mundomedicodental\code\carpetalectura\20240902_nombres_sinapeellidos_CBCT (9)\77ffe14jii203011000.dcm
2025-11-16 15:28:05,966 [INFO] ✅ iRYS restaurado, maximizado y al frente.
2025-11-16 15:28:10,991 [INFO] Buscando: captureFile.png
2025-11-16 15:28:11,260 [INFO] ✔ Encontrado captureFile.png en Point(x=np.int64(16), y=np.int64(32)), clic…
2025-11-16 15:28:12,757 [INFO] Buscando: captureImport.png
2025-11-16 15:28:12,996 [INFO] ✔ Encontrado captureImport.png en Point(x=np.int64(57), y=np.int64(79)), clic…
2025-11-16 15:28:14,491 [INFO] Buscando: captureImport3d.png
2025-11-16 15:28:14,710 [INFO] ✔ Encontrado captureImport3d.png en Point(x=np.int64(319), y=np.int64(104)), clic…
2025-11-16 15:28:17,418 [INFO] Buscando: capturevolumetricData.png
2025-11-16 15:31:00,074 [INFO] Cerrando monitor...
2025-11-16 15:31:19,918 [INFO] Monitoreando carpeta: D:/mundomedicodental/code/carpetalectura  (log en D:\mundomedicodental\code\watch_nnt.log)
2025-11-16 15:31:28,853 [INFO] Nueva carpeta detectada: 20240902_nombres_sinapeellidos_CBCT (10)
2025-11-16 15:31:32,782 [INFO] Primer archivo detectado: D:\mundomedicodental\code\carpetalectura\20240902_nombres_sinapeellidos_CBCT (10)\77ffe14jii203011000.dcm
2025-11-16 15:31:33,012 [INFO] NNT.exe lanzado (pid=16448) – esperando carga inicial…
2025-11-16 15:31:41,086 [INFO] [OK] NNT lanzado correctamente (popen (pid=16448))
2025-11-16 15:31:41,086 [INFO] Abriendo archivo: D:\mundomedicodental\code\carpetalectura\20240902_nombres_sinapeellidos_CBCT (10)\77ffe14jii203011000.dcm
2025-11-16 15:31:49,104 [WARNING] ⚠ No se encontró la ventana iRYS.
2025-11-16 15:34:53,746 [INFO] Cerrando monitor...
2025-11-16 15:35:39,629 [INFO] Monitoreando carpeta: D:/mundomedicodental/code/carpetalectura  (log en D:\mundomedicodental\code\watch_nnt.log)
2025-11-16 15:35:47,709 [INFO] Nueva carpeta detectada: 20240902_nombres_sinapeellidos_CBCT (11)
2025-11-16 15:35:50,994 [INFO] Primer archivo detectado: D:\mundomedicodental\code\carpetalectura\20240902_nombres_sinapeellidos_CBCT (11)\77ffe14jii203011000.dcm
2025-11-16 15:35:51,040 [INFO] NNT.exe lanzado (pid=9200) – esperando carga inicial…
2025-11-16 15:35:59,071 [INFO] [OK] NNT lanzado correctamente (popen (pid=9200))
2025-11-16 15:35:59,108 [INFO] Abriendo archivo: D:\mundomedicodental\code\carpetalectura\20240902_nombres_sinapeellidos_CBCT (11)\77ffe14jii203011000.dcm
2025-11-16 15:36:07,813 [INFO] ✅ iRYS restaurado, maximizado y al frente.
2025-11-16 15:36:12,842 [INFO] Buscando: captureFile.png
2025-11-16 21:41:29,282 [INFO] Monitoreando carpeta: D:/mundomedicodental/code/carpetalectura  (log en D:\mundomedicodental\code\watch_nnt.log)
2025-11-16 21:42:50,012 [INFO] Nueva carpeta detectada: 20240902_nombres_sinapeellidos_CBCT (12)
2025-11-16 21:42:57,142 [INFO] Primer archivo detectado: D:\mundomedicodental\code\carpetalectura\20240902_nombres_sinapeellidos_CBCT (12)\77ffe14jii203011000.dcm
2025-11-16 21:42:59,281 [INFO] NNT.exe lanzado (pid=9924) – esperando carga inicial…
2025-11-16 21:43:07,465 [INFO] [OK] NNT lanzado correctamente (popen (pid=9924))
2025-11-16 21:43:07,551 [INFO] Abriendo archivo: D:\mundomedicodental\code\carpetalectura\20240902_nombres_sinapeellidos_CBCT (12)\77ffe14jii203011000.dcm
2025-11-16 21:43:16,330 [INFO] ✅ iRYS restaurado, maximizado y al frente.
2025-11-16 21:43:21,357 [INFO] Buscando: captureFile.png
2025-11-16 21:43:21,646 [INFO] ✔ Encontrado captureFile.png en Point(x=np.int64(16), y=np.int64(32)), clic…
2025-11-16 21:43:23,142 [INFO] Buscando: captureImport.png
2025-11-16 21:44:09,494 [INFO] Cerrando monitor...
2025-11-16 21:44:13,188 [INFO] Monitoreando carpeta: D:/mundomedicodental/code/carpetalectura  (log en D:\mundomedicodental\code\watch_nnt.log)
2025-11-16 21:44:26,933 [INFO] Nueva carpeta detectada: 20240902_nombres_sinapeellidos_CBCT (13)
2025-11-16 21:44:30,215 [INFO] Primer archivo detectado: D:\mundomedicodental\code\carpetalectura\20240902_nombres_sinapeellidos_CBCT (13)\77ffe14jii203011000.dcm
2025-11-16 21:44:30,383 [INFO] NNT.exe lanzado (pid=7576) – esperando carga inicial…
2025-11-16 21:44:38,452 [INFO] [OK] NNT lanzado correctamente (popen (pid=7576))
2025-11-16 21:44:38,452 [INFO] Abriendo archivo: D:\mundomedicodental\code\carpetalectura\20240902_nombres_sinapeellidos_CBCT (13)\77ffe14jii203011000.dcm
2025-11-16 21:44:47,423 [INFO] ✅ iRYS restaurado, maximizado y al frente.
2025-11-16 21:44:52,441 [INFO] Buscando: captureFile.png
2025-11-16 21:44:52,639 [INFO] ✔ Encontrado captureFile.png en Point(x=np.int64(16), y=np.int64(32)), clic…
2025-11-16 21:44:54,137 [INFO] Buscando: captureImport.png
2025-11-16 21:44:54,305 [INFO] ✔ Encontrado captureImport.png en Point(x=np.int64(57), y=np.int64(79)), clic…
2025-11-16 21:44:55,805 [INFO] Buscando: captureImport3d.png
2025-11-16 21:44:55,927 [INFO] ✔ Encontrado captureImport3d.png en Point(x=np.int64(319), y=np.int64(104)), clic…
2025-11-16 21:45:03,483 [INFO] Buscando: capturevolumetricData.png
2025-11-16 21:50:51,655 [INFO] Cerrando monitor...
2025-11-16 21:50:56,344 [INFO] Monitoreando carpeta: D:/mundomedicodental/code/carpetalectura  (log en D:\mundomedicodental\code\watch_nnt.log)
2025-11-16 21:51:06,750 [INFO] Nueva carpeta detectada: 20240902_nombres_sinapeellidos_CBCT (14)
2025-11-16 21:51:11,128 [INFO] Primer archivo detectado: D:\mundomedicodental\code\carpetalectura\20240902_nombres_sinapeellidos_CBCT (14)\77ffe14jii203011000.dcm
2025-11-16 21:51:11,180 [INFO] NNT.exe lanzado (pid=13580) – esperando carga inicial…
2025-11-16 21:51:19,195 [INFO] [OK] NNT lanzado correctamente (popen (pid=13580))
2025-11-16 21:51:19,195 [INFO] Abriendo archivo: D:\mundomedicodental\code\carpetalectura\20240902_nombres_sinapeellidos_CBCT (14)\77ffe14jii203011000.dcm
2025-11-16 21:51:28,414 [INFO] ✅ iRYS restaurado, maximizado y al frente.
2025-11-16 21:51:33,436 [INFO] Buscando: captureFile.png
2025-11-16 21:51:33,610 [INFO] ✔ Encontrado captureFile.png en Point(x=np.int64(16), y=np.int64(32)), clic…
2025-11-16 21:51:35,101 [INFO] Buscando: captureImport.png
2025-11-16 21:51:35,250 [INFO] ✔ Encontrado captureImport.png en Point(x=np.int64(57), y=np.int64(79)), clic…
2025-11-16 21:51:36,732 [INFO] Buscando: captureImport3d.png
2025-11-16 21:51:36,869 [INFO] ✔ Encontrado captureImport3d.png en Point(x=np.int64(319), y=np.int64(104)), clic…
2025-11-16 21:51:41,587 [INFO] Buscando: capturevolumetricData.png
2025-11-16 21:51:41,707 [INFO] ✔ Encontrado capturevolumetricData.png en Point(x=np.int64(623), y=np.int64(368)), clic…
2025-11-16 21:56:16,325 [INFO] Cerrando monitor...
2025-11-16 21:59:12,613 [INFO] Monitoreando carpeta: D:/mundomedicodental/code/carpetalectura  (log en D:\mundomedicodental\code\watch_nnt.log)
2025-11-16 21:59:17,815 [INFO] Nueva carpeta detectada: 20240902_nombres_sinapeellidos_CBCT (15)
2025-11-16 21:59:21,641 [INFO] Primer archivo detectado: D:\mundomedicodental\code\carpetalectura\20240902_nombres_sinapeellidos_CBCT (15)\77ffe14jii203011000.dcm
2025-11-16 21:59:21,758 [INFO] NNT.exe lanzado (pid=18224) – esperando carga inicial…
2025-11-16 21:59:29,786 [INFO] [OK] NNT lanzado correctamente (popen (pid=18224))
2025-11-16 21:59:29,786 [INFO] Abriendo archivo: D:\mundomedicodental\code\carpetalectura\20240902_nombres_sinapeellidos_CBCT (15)\77ffe14jii203011000.dcm
2025-11-16 21:59:39,902 [INFO] ✅ iRYS restaurado, maximizado y al frente.
2025-11-16 21:59:44,932 [INFO] Buscando: captureFile.png
2025-11-16 21:59:45,114 [INFO] ✔ Encontrado captureFile.png en Point(x=np.int64(16), y=np.int64(32)), clic…
2025-11-16 21:59:46,604 [INFO] Buscando: captureImport.png
2025-11-16 21:59:46,698 [INFO] ✔ Encontrado captureImport.png en Point(x=np.int64(57), y=np.int64(79)), clic…
2025-11-16 21:59:48,177 [INFO] Buscando: captureImport3d.png
2025-11-16 21:59:48,333 [INFO] ✔ Encontrado captureImport3d.png en Point(x=np.int64(319), y=np.int64(104)), clic…
2025-11-16 21:59:53,067 [INFO] Buscando: capturevolumetricData.png
2025-11-16 21:59:53,180 [INFO] ✔ Encontrado capturevolumetricData.png en Point(x=np.int64(623), y=np.int64(368)), clic…
2025-11-16 22:21:15,805 [INFO] Cerrando monitor...
